[2025-02-05T13:04:38.834+0000] {local_task_job_runner.py:123} INFO - ::group::Pre task execution logs
[2025-02-05T13:04:38.866+0000] {taskinstance.py:2613} INFO - Dependencies all met for dep_context=non-requeueable deps ti=<TaskInstance: external_signal_workflow.task_1 manual__2025-02-05T13:04:36.147713+00:00 [queued]>
[2025-02-05T13:04:38.879+0000] {taskinstance.py:2613} INFO - Dependencies all met for dep_context=requeueable deps ti=<TaskInstance: external_signal_workflow.task_1 manual__2025-02-05T13:04:36.147713+00:00 [queued]>
[2025-02-05T13:04:38.880+0000] {taskinstance.py:2866} INFO - Starting attempt 1 of 2
[2025-02-05T13:04:38.897+0000] {taskinstance.py:2889} INFO - Executing <Task(PythonVirtualenvOperator): task_1> on 2025-02-05 13:04:36.147713+00:00
[2025-02-05T13:04:38.907+0000] {warnings.py:112} WARNING - /home/***/.local/lib/python3.12/site-packages/***/task/task_runner/standard_task_runner.py:70: DeprecationWarning: This process (pid=763) is multi-threaded, use of fork() may lead to deadlocks in the child.
  pid = os.fork()

[2025-02-05T13:04:38.918+0000] {standard_task_runner.py:72} INFO - Started process 764 to run task
[2025-02-05T13:04:38.932+0000] {standard_task_runner.py:104} INFO - Running: ['***', 'tasks', 'run', 'external_signal_workflow', 'task_1', 'manual__2025-02-05T13:04:36.147713+00:00', '--job-id', '26', '--raw', '--subdir', 'DAGS_FOLDER/external_signal_workflow.py', '--cfg-path', '/tmp/tmpuyhv1ugt']
[2025-02-05T13:04:38.936+0000] {standard_task_runner.py:105} INFO - Job 26: Subtask task_1
[2025-02-05T13:04:39.354+0000] {task_command.py:467} INFO - Running <TaskInstance: external_signal_workflow.task_1 manual__2025-02-05T13:04:36.147713+00:00 [running]> on host ***-worker-2
[2025-02-05T13:04:39.408+0000] {taskinstance.py:3132} INFO - Exporting env vars: AIRFLOW_CTX_DAG_OWNER='***' AIRFLOW_CTX_DAG_ID='external_signal_workflow' AIRFLOW_CTX_TASK_ID='task_1' AIRFLOW_CTX_EXECUTION_DATE='2025-02-05T13:04:36.147713+00:00' AIRFLOW_CTX_TRY_NUMBER='1' AIRFLOW_CTX_DAG_RUN_ID='manual__2025-02-05T13:04:36.147713+00:00'
[2025-02-05T13:04:39.408+0000] {logging_mixin.py:190} INFO - Task instance is in running state
[2025-02-05T13:04:39.409+0000] {logging_mixin.py:190} INFO -  Previous state of the Task instance: queued
[2025-02-05T13:04:39.409+0000] {logging_mixin.py:190} INFO - Current task name:task_1 state:running start_date:2025-02-05 13:04:38.866485+00:00
[2025-02-05T13:04:39.409+0000] {logging_mixin.py:190} INFO - Dag name:external_signal_workflow and current dag run status:running
[2025-02-05T13:04:39.409+0000] {taskinstance.py:731} INFO - ::endgroup::
[2025-02-05T13:04:39.410+0000] {baseoperator.py:421} WARNING - PythonVirtualenvOperator.execute cannot be called outside TaskInstance!
[2025-02-05T13:04:39.411+0000] {process_utils.py:186} INFO - Executing cmd: /home/***/.local/bin/python -m virtualenv /tmp/venv8cp8zqpn --system-site-packages --python=python
[2025-02-05T13:04:39.412+0000] {process_utils.py:190} INFO - Output:
[2025-02-05T13:04:40.164+0000] {process_utils.py:194} INFO - created virtual environment CPython3.12.8.final.0-64 in 301ms
[2025-02-05T13:04:40.169+0000] {process_utils.py:194} INFO -   creator CPython3Posix(dest=/tmp/venv8cp8zqpn, clear=False, no_vcs_ignore=False, global=True)
[2025-02-05T13:04:40.170+0000] {process_utils.py:194} INFO -   seeder FromAppData(download=False, pip=bundle, via=copy, app_data_dir=/home/***/.local/share/virtualenv)
[2025-02-05T13:04:40.170+0000] {process_utils.py:194} INFO -     added seed packages: pip==24.3.1
[2025-02-05T13:04:40.171+0000] {process_utils.py:194} INFO -   activators BashActivator,CShellActivator,FishActivator,NushellActivator,PowerShellActivator,PythonActivator
[2025-02-05T13:04:40.209+0000] {process_utils.py:186} INFO - Executing cmd: /tmp/venv8cp8zqpn/bin/pip install -r /tmp/venv8cp8zqpn/requirements.txt
[2025-02-05T13:04:40.212+0000] {process_utils.py:190} INFO - Output:
[2025-02-05T13:04:41.331+0000] {process_utils.py:194} INFO - Requirement already satisfied: pandas==2.1.4 in /home/***/.local/lib/python3.12/site-packages (from -r /tmp/venv8cp8zqpn/requirements.txt (line 1)) (2.1.4)
[2025-02-05T13:04:41.336+0000] {process_utils.py:194} INFO - Requirement already satisfied: numpy<2,>=1.26.0 in /home/***/.local/lib/python3.12/site-packages (from pandas==2.1.4->-r /tmp/venv8cp8zqpn/requirements.txt (line 1)) (1.26.4)
[2025-02-05T13:04:41.336+0000] {process_utils.py:194} INFO - Requirement already satisfied: python-dateutil>=2.8.2 in /home/***/.local/lib/python3.12/site-packages (from pandas==2.1.4->-r /tmp/venv8cp8zqpn/requirements.txt (line 1)) (2.9.0.post0)
[2025-02-05T13:04:41.336+0000] {process_utils.py:194} INFO - Requirement already satisfied: pytz>=2020.1 in /home/***/.local/lib/python3.12/site-packages (from pandas==2.1.4->-r /tmp/venv8cp8zqpn/requirements.txt (line 1)) (2024.2)
[2025-02-05T13:04:41.337+0000] {process_utils.py:194} INFO - Requirement already satisfied: tzdata>=2022.1 in /home/***/.local/lib/python3.12/site-packages (from pandas==2.1.4->-r /tmp/venv8cp8zqpn/requirements.txt (line 1)) (2024.2)
[2025-02-05T13:04:41.340+0000] {process_utils.py:194} INFO - Requirement already satisfied: six>=1.5 in /home/***/.local/lib/python3.12/site-packages (from python-dateutil>=2.8.2->pandas==2.1.4->-r /tmp/venv8cp8zqpn/requirements.txt (line 1)) (1.17.0)
[2025-02-05T13:04:41.707+0000] {process_utils.py:194} INFO - 
[2025-02-05T13:04:41.708+0000] {process_utils.py:194} INFO - [notice] A new release of pip is available: 24.3.1 -> 25.0
[2025-02-05T13:04:41.709+0000] {process_utils.py:194} INFO - [notice] To update, run: python -m pip install --upgrade pip
[2025-02-05T13:04:41.770+0000] {process_utils.py:186} INFO - Executing cmd: /tmp/venv8cp8zqpn/bin/python /tmp/venv-callu35_yivl/script.py /tmp/venv-callu35_yivl/script.in /tmp/venv-callu35_yivl/script.out /tmp/venv-callu35_yivl/string_args.txt /tmp/venv-callu35_yivl/termination.log
[2025-02-05T13:04:41.776+0000] {process_utils.py:190} INFO - Output:
[2025-02-05T13:04:44.395+0000] {process_utils.py:194} INFO - Traceback (most recent call last):
[2025-02-05T13:04:44.398+0000] {process_utils.py:194} INFO -   File "/tmp/venv-callu35_yivl/script.py", line 59, in <module>
[2025-02-05T13:04:44.399+0000] {process_utils.py:194} INFO -     res = task_1(*arg_dict["args"], **arg_dict["kwargs"])
[2025-02-05T13:04:44.400+0000] {process_utils.py:194} INFO -           ^^^^^^^^^^^^^^^^^^^^^^^^^^^^^^^^^^^^^^^^^^^^^^^
[2025-02-05T13:04:44.402+0000] {process_utils.py:194} INFO - TypeError: task_1() missing 1 required positional argument: 'context'
[2025-02-05T13:04:45.354+0000] {taskinstance.py:3311} ERROR - Task failed with exception
Traceback (most recent call last):
  File "/home/airflow/.local/lib/python3.12/site-packages/airflow/models/taskinstance.py", line 767, in _execute_task
    result = _execute_callable(context=context, **execute_callable_kwargs)
             ^^^^^^^^^^^^^^^^^^^^^^^^^^^^^^^^^^^^^^^^^^^^^^^^^^^^^^^^^^^^^
  File "/home/airflow/.local/lib/python3.12/site-packages/airflow/models/taskinstance.py", line 733, in _execute_callable
    return ExecutionCallableRunner(
           ^^^^^^^^^^^^^^^^^^^^^^^^
  File "/home/airflow/.local/lib/python3.12/site-packages/airflow/utils/operator_helpers.py", line 252, in run
    return self.func(*args, **kwargs)
           ^^^^^^^^^^^^^^^^^^^^^^^^^^
  File "/home/airflow/.local/lib/python3.12/site-packages/airflow/models/baseoperator.py", line 422, in wrapper
    return func(self, *args, **kwargs)
           ^^^^^^^^^^^^^^^^^^^^^^^^^^^
  File "/home/airflow/.local/lib/python3.12/site-packages/airflow/operators/python.py", line 505, in execute
    return super().execute(context=serializable_context)
           ^^^^^^^^^^^^^^^^^^^^^^^^^^^^^^^^^^^^^^^^^^^^^
  File "/home/airflow/.local/lib/python3.12/site-packages/airflow/models/baseoperator.py", line 422, in wrapper
    return func(self, *args, **kwargs)
           ^^^^^^^^^^^^^^^^^^^^^^^^^^^
  File "/home/airflow/.local/lib/python3.12/site-packages/airflow/operators/python.py", line 238, in execute
    return_value = self.execute_callable()
                   ^^^^^^^^^^^^^^^^^^^^^^^
  File "/home/airflow/.local/lib/python3.12/site-packages/airflow/operators/python.py", line 870, in execute_callable
    result = self._execute_python_callable_in_subprocess(python_path)
             ^^^^^^^^^^^^^^^^^^^^^^^^^^^^^^^^^^^^^^^^^^^^^^^^^^^^^^^^
  File "/home/airflow/.local/lib/python3.12/site-packages/airflow/operators/python.py", line 588, in _execute_python_callable_in_subprocess
    raise AirflowException(error_msg) from None
airflow.exceptions.AirflowException: Process returned non-zero exit status 1.
task_1() missing 1 required positional argument: 'context'
[2025-02-05T13:04:45.373+0000] {logging_mixin.py:190} INFO - Task instance in failure state
[2025-02-05T13:04:45.373+0000] {logging_mixin.py:190} INFO - Task start:2025-02-05 13:04:38.866485+00:00 end:2025-02-05 13:04:45.372189+00:00 duration:6.505704
[2025-02-05T13:04:45.374+0000] {logging_mixin.py:190} INFO - Task:<Task(PythonVirtualenvOperator): task_1> dag:<DAG: external_signal_workflow> dagrun:<DagRun external_signal_workflow @ 2025-02-05 13:04:36.147713+00:00: manual__2025-02-05T13:04:36.147713+00:00, state:running, queued_at: 2025-02-05 13:04:36.165066+00:00. externally triggered: True>
[2025-02-05T13:04:45.374+0000] {logging_mixin.py:190} INFO - Failure caused by Process returned non-zero exit status 1.
task_1() missing 1 required positional argument: 'context'
[2025-02-05T13:04:45.375+0000] {taskinstance.py:1225} INFO - Marking task as UP_FOR_RETRY. dag_id=external_signal_workflow, task_id=task_1, run_id=manual__2025-02-05T13:04:36.147713+00:00, execution_date=20250205T130436, start_date=20250205T130438, end_date=20250205T130445
[2025-02-05T13:04:45.418+0000] {taskinstance.py:340} INFO - ::group::Post task execution logs
[2025-02-05T13:04:45.420+0000] {standard_task_runner.py:124} ERROR - Failed to execute job 26 for task task_1 (Process returned non-zero exit status 1.
task_1() missing 1 required positional argument: 'context'; 764)
Traceback (most recent call last):
  File "/home/airflow/.local/lib/python3.12/site-packages/airflow/task/task_runner/standard_task_runner.py", line 117, in _start_by_fork
    ret = args.func(args, dag=self.dag)
          ^^^^^^^^^^^^^^^^^^^^^^^^^^^^^
  File "/home/airflow/.local/lib/python3.12/site-packages/airflow/cli/cli_config.py", line 49, in command
    return func(*args, **kwargs)
           ^^^^^^^^^^^^^^^^^^^^^
  File "/home/airflow/.local/lib/python3.12/site-packages/airflow/utils/cli.py", line 116, in wrapper
    return f(*args, **kwargs)
           ^^^^^^^^^^^^^^^^^^
  File "/home/airflow/.local/lib/python3.12/site-packages/airflow/cli/commands/task_command.py", line 483, in task_run
    task_return_code = _run_task_by_selected_method(args, _dag, ti)
                       ^^^^^^^^^^^^^^^^^^^^^^^^^^^^^^^^^^^^^^^^^^^^
  File "/home/airflow/.local/lib/python3.12/site-packages/airflow/cli/commands/task_command.py", line 256, in _run_task_by_selected_method
    return _run_raw_task(args, ti)
           ^^^^^^^^^^^^^^^^^^^^^^^
  File "/home/airflow/.local/lib/python3.12/site-packages/airflow/cli/commands/task_command.py", line 341, in _run_raw_task
    return ti._run_raw_task(
           ^^^^^^^^^^^^^^^^^
  File "/home/airflow/.local/lib/python3.12/site-packages/airflow/utils/session.py", line 97, in wrapper
    return func(*args, session=session, **kwargs)
           ^^^^^^^^^^^^^^^^^^^^^^^^^^^^^^^^^^^^^^
  File "/home/airflow/.local/lib/python3.12/site-packages/airflow/models/taskinstance.py", line 3005, in _run_raw_task
    return _run_raw_task(
           ^^^^^^^^^^^^^^
  File "/home/airflow/.local/lib/python3.12/site-packages/airflow/models/taskinstance.py", line 273, in _run_raw_task
    TaskInstance._execute_task_with_callbacks(
  File "/home/airflow/.local/lib/python3.12/site-packages/airflow/models/taskinstance.py", line 3159, in _execute_task_with_callbacks
    result = self._execute_task(context, task_orig)
             ^^^^^^^^^^^^^^^^^^^^^^^^^^^^^^^^^^^^^^
  File "/home/airflow/.local/lib/python3.12/site-packages/airflow/models/taskinstance.py", line 3183, in _execute_task
    return _execute_task(self, context, task_orig)
           ^^^^^^^^^^^^^^^^^^^^^^^^^^^^^^^^^^^^^^^
  File "/home/airflow/.local/lib/python3.12/site-packages/airflow/models/taskinstance.py", line 767, in _execute_task
    result = _execute_callable(context=context, **execute_callable_kwargs)
             ^^^^^^^^^^^^^^^^^^^^^^^^^^^^^^^^^^^^^^^^^^^^^^^^^^^^^^^^^^^^^
  File "/home/airflow/.local/lib/python3.12/site-packages/airflow/models/taskinstance.py", line 733, in _execute_callable
    return ExecutionCallableRunner(
           ^^^^^^^^^^^^^^^^^^^^^^^^
  File "/home/airflow/.local/lib/python3.12/site-packages/airflow/utils/operator_helpers.py", line 252, in run
    return self.func(*args, **kwargs)
           ^^^^^^^^^^^^^^^^^^^^^^^^^^
  File "/home/airflow/.local/lib/python3.12/site-packages/airflow/models/baseoperator.py", line 422, in wrapper
    return func(self, *args, **kwargs)
           ^^^^^^^^^^^^^^^^^^^^^^^^^^^
  File "/home/airflow/.local/lib/python3.12/site-packages/airflow/operators/python.py", line 505, in execute
    return super().execute(context=serializable_context)
           ^^^^^^^^^^^^^^^^^^^^^^^^^^^^^^^^^^^^^^^^^^^^^
  File "/home/airflow/.local/lib/python3.12/site-packages/airflow/models/baseoperator.py", line 422, in wrapper
    return func(self, *args, **kwargs)
           ^^^^^^^^^^^^^^^^^^^^^^^^^^^
  File "/home/airflow/.local/lib/python3.12/site-packages/airflow/operators/python.py", line 238, in execute
    return_value = self.execute_callable()
                   ^^^^^^^^^^^^^^^^^^^^^^^
  File "/home/airflow/.local/lib/python3.12/site-packages/airflow/operators/python.py", line 870, in execute_callable
    result = self._execute_python_callable_in_subprocess(python_path)
             ^^^^^^^^^^^^^^^^^^^^^^^^^^^^^^^^^^^^^^^^^^^^^^^^^^^^^^^^
  File "/home/airflow/.local/lib/python3.12/site-packages/airflow/operators/python.py", line 588, in _execute_python_callable_in_subprocess
    raise AirflowException(error_msg) from None
airflow.exceptions.AirflowException: Process returned non-zero exit status 1.
task_1() missing 1 required positional argument: 'context'
[2025-02-05T13:04:45.480+0000] {local_task_job_runner.py:266} INFO - Task exited with return code 1
[2025-02-05T13:04:45.502+0000] {taskinstance.py:3895} INFO - 0 downstream tasks scheduled from follow-on schedule check
[2025-02-05T13:04:45.503+0000] {local_task_job_runner.py:245} INFO - ::endgroup::
