[2025-02-06T18:28:46.670+0000] {local_task_job_runner.py:123} INFO - ::group::Pre task execution logs
[2025-02-06T18:28:46.680+0000] {taskinstance.py:2613} INFO - Dependencies all met for dep_context=non-requeueable deps ti=<TaskInstance: cluster_deployment.download_stack manual__2025-02-06T18:27:28.843287+00:00 [queued]>
[2025-02-06T18:28:46.685+0000] {taskinstance.py:2613} INFO - Dependencies all met for dep_context=requeueable deps ti=<TaskInstance: cluster_deployment.download_stack manual__2025-02-06T18:27:28.843287+00:00 [queued]>
[2025-02-06T18:28:46.685+0000] {taskinstance.py:2866} INFO - Starting attempt 2 of 2
[2025-02-06T18:28:46.696+0000] {taskinstance.py:2889} INFO - Executing <Task(PythonVirtualenvOperator): download_stack> on 2025-02-06 18:27:28.843287+00:00
[2025-02-06T18:28:46.714+0000] {warnings.py:112} WARNING - /home/***/.local/lib/python3.12/site-packages/***/task/task_runner/standard_task_runner.py:70: DeprecationWarning: This process (pid=2466) is multi-threaded, use of fork() may lead to deadlocks in the child.
  pid = os.fork()

[2025-02-06T18:28:46.715+0000] {standard_task_runner.py:72} INFO - Started process 2467 to run task
[2025-02-06T18:28:46.717+0000] {standard_task_runner.py:104} INFO - Running: ['***', 'tasks', 'run', 'cluster_deployment', 'download_stack', 'manual__2025-02-06T18:27:28.843287+00:00', '--job-id', '9', '--raw', '--subdir', 'DAGS_FOLDER/cluster_deployment.py', '--cfg-path', '/tmp/tmpyl0wsr92']
[2025-02-06T18:28:46.718+0000] {standard_task_runner.py:105} INFO - Job 9: Subtask download_stack
[2025-02-06T18:28:46.766+0000] {task_command.py:467} INFO - Running <TaskInstance: cluster_deployment.download_stack manual__2025-02-06T18:27:28.843287+00:00 [running]> on host ***-worker
[2025-02-06T18:28:46.807+0000] {taskinstance.py:3132} INFO - Exporting env vars: AIRFLOW_CTX_DAG_OWNER='***' AIRFLOW_CTX_DAG_ID='cluster_deployment' AIRFLOW_CTX_TASK_ID='download_stack' AIRFLOW_CTX_EXECUTION_DATE='2025-02-06T18:27:28.843287+00:00' AIRFLOW_CTX_TRY_NUMBER='2' AIRFLOW_CTX_DAG_RUN_ID='manual__2025-02-06T18:27:28.843287+00:00'
[2025-02-06T18:28:46.808+0000] {logging_mixin.py:190} INFO - Task instance is in running state
[2025-02-06T18:28:46.809+0000] {logging_mixin.py:190} INFO -  Previous state of the Task instance: queued
[2025-02-06T18:28:46.809+0000] {logging_mixin.py:190} INFO - Current task name:download_stack state:running start_date:2025-02-06 18:28:46.681055+00:00
[2025-02-06T18:28:46.810+0000] {logging_mixin.py:190} INFO - Dag name:cluster_deployment and current dag run status:running
[2025-02-06T18:28:46.810+0000] {taskinstance.py:731} INFO - ::endgroup::
[2025-02-06T18:28:46.811+0000] {baseoperator.py:421} WARNING - PythonVirtualenvOperator.execute cannot be called outside TaskInstance!
[2025-02-06T18:28:46.812+0000] {process_utils.py:186} INFO - Executing cmd: /home/***/.local/bin/python -m virtualenv /tmp/venv4rof9i3x --system-site-packages --python=python
[2025-02-06T18:28:46.814+0000] {process_utils.py:190} INFO - Output:
[2025-02-06T18:28:47.405+0000] {process_utils.py:194} INFO - created virtual environment CPython3.12.8.final.0-64 in 154ms
[2025-02-06T18:28:47.406+0000] {process_utils.py:194} INFO -   creator CPython3Posix(dest=/tmp/venv4rof9i3x, clear=False, no_vcs_ignore=False, global=True)
[2025-02-06T18:28:47.406+0000] {process_utils.py:194} INFO -   seeder FromAppData(download=False, pip=bundle, via=copy, app_data_dir=/home/***/.local/share/virtualenv)
[2025-02-06T18:28:47.406+0000] {process_utils.py:194} INFO -     added seed packages: pip==24.3.1
[2025-02-06T18:28:47.406+0000] {process_utils.py:194} INFO -   activators BashActivator,CShellActivator,FishActivator,NushellActivator,PowerShellActivator,PythonActivator
[2025-02-06T18:28:47.421+0000] {process_utils.py:186} INFO - Executing cmd: /tmp/venv4rof9i3x/bin/pip install -r /tmp/venv4rof9i3x/requirements.txt
[2025-02-06T18:28:47.423+0000] {process_utils.py:190} INFO - Output:
[2025-02-06T18:28:48.434+0000] {process_utils.py:194} INFO - Requirement already satisfied: pandas==2.1.4 in /home/***/.local/lib/python3.12/site-packages (from -r /tmp/venv4rof9i3x/requirements.txt (line 1)) (2.1.4)
[2025-02-06T18:28:48.439+0000] {process_utils.py:194} INFO - Requirement already satisfied: numpy<2,>=1.26.0 in /home/***/.local/lib/python3.12/site-packages (from pandas==2.1.4->-r /tmp/venv4rof9i3x/requirements.txt (line 1)) (1.26.4)
[2025-02-06T18:28:48.439+0000] {process_utils.py:194} INFO - Requirement already satisfied: python-dateutil>=2.8.2 in /home/***/.local/lib/python3.12/site-packages (from pandas==2.1.4->-r /tmp/venv4rof9i3x/requirements.txt (line 1)) (2.9.0.post0)
[2025-02-06T18:28:48.440+0000] {process_utils.py:194} INFO - Requirement already satisfied: pytz>=2020.1 in /home/***/.local/lib/python3.12/site-packages (from pandas==2.1.4->-r /tmp/venv4rof9i3x/requirements.txt (line 1)) (2024.2)
[2025-02-06T18:28:48.440+0000] {process_utils.py:194} INFO - Requirement already satisfied: tzdata>=2022.1 in /home/***/.local/lib/python3.12/site-packages (from pandas==2.1.4->-r /tmp/venv4rof9i3x/requirements.txt (line 1)) (2024.2)
[2025-02-06T18:28:48.444+0000] {process_utils.py:194} INFO - Requirement already satisfied: six>=1.5 in /home/***/.local/lib/python3.12/site-packages (from python-dateutil>=2.8.2->pandas==2.1.4->-r /tmp/venv4rof9i3x/requirements.txt (line 1)) (1.17.0)
[2025-02-06T18:28:48.827+0000] {process_utils.py:194} INFO - 
[2025-02-06T18:28:48.828+0000] {process_utils.py:194} INFO - [notice] A new release of pip is available: 24.3.1 -> 25.0
[2025-02-06T18:28:48.828+0000] {process_utils.py:194} INFO - [notice] To update, run: python -m pip install --upgrade pip
[2025-02-06T18:28:48.899+0000] {process_utils.py:186} INFO - Executing cmd: /tmp/venv4rof9i3x/bin/python /tmp/venv-call43j_j35v/script.py /tmp/venv-call43j_j35v/script.in /tmp/venv-call43j_j35v/script.out /tmp/venv-call43j_j35v/string_args.txt /tmp/venv-call43j_j35v/termination.log
[2025-02-06T18:28:48.900+0000] {process_utils.py:190} INFO - Output:
[2025-02-06T18:28:50.791+0000] {process_utils.py:194} INFO - [2025-02-06T18:28:50.790+0000] {script.py:23} INFO - Starting download stack...
[2025-02-06T18:28:50.792+0000] {process_utils.py:194} INFO - Traceback (most recent call last):
[2025-02-06T18:28:50.792+0000] {process_utils.py:194} INFO -   File "/tmp/venv-call43j_j35v/script.py", line 64, in <module>
[2025-02-06T18:28:50.793+0000] {process_utils.py:194} INFO -     res = download_stack_fn(*arg_dict["args"], **arg_dict["kwargs"])
[2025-02-06T18:28:50.793+0000] {process_utils.py:194} INFO -           ^^^^^^^^^^^^^^^^^^^^^^^^^^^^^^^^^^^^^^^^^^^^^^^^^^^^^^^^^^
[2025-02-06T18:28:50.794+0000] {process_utils.py:194} INFO -   File "/tmp/venv-call43j_j35v/script.py", line 28, in download_stack_fn
[2025-02-06T18:28:50.794+0000] {process_utils.py:194} INFO -     time.sleep(10)
[2025-02-06T18:28:50.794+0000] {process_utils.py:194} INFO -     ^^^^
[2025-02-06T18:28:50.794+0000] {process_utils.py:194} INFO - NameError: name 'time' is not defined. Did you forget to import 'time'?
[2025-02-06T18:28:51.111+0000] {taskinstance.py:3311} ERROR - Task failed with exception
Traceback (most recent call last):
  File "/home/airflow/.local/lib/python3.12/site-packages/airflow/models/taskinstance.py", line 767, in _execute_task
    result = _execute_callable(context=context, **execute_callable_kwargs)
             ^^^^^^^^^^^^^^^^^^^^^^^^^^^^^^^^^^^^^^^^^^^^^^^^^^^^^^^^^^^^^
  File "/home/airflow/.local/lib/python3.12/site-packages/airflow/models/taskinstance.py", line 733, in _execute_callable
    return ExecutionCallableRunner(
           ^^^^^^^^^^^^^^^^^^^^^^^^
  File "/home/airflow/.local/lib/python3.12/site-packages/airflow/utils/operator_helpers.py", line 252, in run
    return self.func(*args, **kwargs)
           ^^^^^^^^^^^^^^^^^^^^^^^^^^
  File "/home/airflow/.local/lib/python3.12/site-packages/airflow/models/baseoperator.py", line 422, in wrapper
    return func(self, *args, **kwargs)
           ^^^^^^^^^^^^^^^^^^^^^^^^^^^
  File "/home/airflow/.local/lib/python3.12/site-packages/airflow/operators/python.py", line 505, in execute
    return super().execute(context=serializable_context)
           ^^^^^^^^^^^^^^^^^^^^^^^^^^^^^^^^^^^^^^^^^^^^^
  File "/home/airflow/.local/lib/python3.12/site-packages/airflow/models/baseoperator.py", line 422, in wrapper
    return func(self, *args, **kwargs)
           ^^^^^^^^^^^^^^^^^^^^^^^^^^^
  File "/home/airflow/.local/lib/python3.12/site-packages/airflow/operators/python.py", line 238, in execute
    return_value = self.execute_callable()
                   ^^^^^^^^^^^^^^^^^^^^^^^
  File "/home/airflow/.local/lib/python3.12/site-packages/airflow/operators/python.py", line 870, in execute_callable
    result = self._execute_python_callable_in_subprocess(python_path)
             ^^^^^^^^^^^^^^^^^^^^^^^^^^^^^^^^^^^^^^^^^^^^^^^^^^^^^^^^
  File "/home/airflow/.local/lib/python3.12/site-packages/airflow/operators/python.py", line 588, in _execute_python_callable_in_subprocess
    raise AirflowException(error_msg) from None
airflow.exceptions.AirflowException: Process returned non-zero exit status 1.
name 'time' is not defined
[2025-02-06T18:28:51.115+0000] {logging_mixin.py:190} INFO - Task instance in failure state
[2025-02-06T18:28:51.116+0000] {logging_mixin.py:190} INFO - Task start:2025-02-06 18:28:46.681055+00:00 end:2025-02-06 18:28:51.115314+00:00 duration:4.434259
[2025-02-06T18:28:51.116+0000] {logging_mixin.py:190} INFO - Task:<Task(PythonVirtualenvOperator): download_stack> dag:<DAG: cluster_deployment> dagrun:<DagRun cluster_deployment @ 2025-02-06 18:27:28.843287+00:00: manual__2025-02-06T18:27:28.843287+00:00, state:running, queued_at: 2025-02-06 18:27:28.857274+00:00. externally triggered: True>
[2025-02-06T18:28:51.116+0000] {logging_mixin.py:190} INFO - Failure caused by Process returned non-zero exit status 1.
name 'time' is not defined
[2025-02-06T18:28:51.117+0000] {taskinstance.py:1225} INFO - Marking task as FAILED. dag_id=cluster_deployment, task_id=download_stack, run_id=manual__2025-02-06T18:27:28.843287+00:00, execution_date=20250206T182728, start_date=20250206T182846, end_date=20250206T182851
[2025-02-06T18:28:51.126+0000] {taskinstance.py:340} INFO - ::group::Post task execution logs
[2025-02-06T18:28:51.126+0000] {standard_task_runner.py:124} ERROR - Failed to execute job 9 for task download_stack (Process returned non-zero exit status 1.
name 'time' is not defined; 2467)
Traceback (most recent call last):
  File "/home/airflow/.local/lib/python3.12/site-packages/airflow/task/task_runner/standard_task_runner.py", line 117, in _start_by_fork
    ret = args.func(args, dag=self.dag)
          ^^^^^^^^^^^^^^^^^^^^^^^^^^^^^
  File "/home/airflow/.local/lib/python3.12/site-packages/airflow/cli/cli_config.py", line 49, in command
    return func(*args, **kwargs)
           ^^^^^^^^^^^^^^^^^^^^^
  File "/home/airflow/.local/lib/python3.12/site-packages/airflow/utils/cli.py", line 116, in wrapper
    return f(*args, **kwargs)
           ^^^^^^^^^^^^^^^^^^
  File "/home/airflow/.local/lib/python3.12/site-packages/airflow/cli/commands/task_command.py", line 483, in task_run
    task_return_code = _run_task_by_selected_method(args, _dag, ti)
                       ^^^^^^^^^^^^^^^^^^^^^^^^^^^^^^^^^^^^^^^^^^^^
  File "/home/airflow/.local/lib/python3.12/site-packages/airflow/cli/commands/task_command.py", line 256, in _run_task_by_selected_method
    return _run_raw_task(args, ti)
           ^^^^^^^^^^^^^^^^^^^^^^^
  File "/home/airflow/.local/lib/python3.12/site-packages/airflow/cli/commands/task_command.py", line 341, in _run_raw_task
    return ti._run_raw_task(
           ^^^^^^^^^^^^^^^^^
  File "/home/airflow/.local/lib/python3.12/site-packages/airflow/utils/session.py", line 97, in wrapper
    return func(*args, session=session, **kwargs)
           ^^^^^^^^^^^^^^^^^^^^^^^^^^^^^^^^^^^^^^
  File "/home/airflow/.local/lib/python3.12/site-packages/airflow/models/taskinstance.py", line 3005, in _run_raw_task
    return _run_raw_task(
           ^^^^^^^^^^^^^^
  File "/home/airflow/.local/lib/python3.12/site-packages/airflow/models/taskinstance.py", line 273, in _run_raw_task
    TaskInstance._execute_task_with_callbacks(
  File "/home/airflow/.local/lib/python3.12/site-packages/airflow/models/taskinstance.py", line 3159, in _execute_task_with_callbacks
    result = self._execute_task(context, task_orig)
             ^^^^^^^^^^^^^^^^^^^^^^^^^^^^^^^^^^^^^^
  File "/home/airflow/.local/lib/python3.12/site-packages/airflow/models/taskinstance.py", line 3183, in _execute_task
    return _execute_task(self, context, task_orig)
           ^^^^^^^^^^^^^^^^^^^^^^^^^^^^^^^^^^^^^^^
  File "/home/airflow/.local/lib/python3.12/site-packages/airflow/models/taskinstance.py", line 767, in _execute_task
    result = _execute_callable(context=context, **execute_callable_kwargs)
             ^^^^^^^^^^^^^^^^^^^^^^^^^^^^^^^^^^^^^^^^^^^^^^^^^^^^^^^^^^^^^
  File "/home/airflow/.local/lib/python3.12/site-packages/airflow/models/taskinstance.py", line 733, in _execute_callable
    return ExecutionCallableRunner(
           ^^^^^^^^^^^^^^^^^^^^^^^^
  File "/home/airflow/.local/lib/python3.12/site-packages/airflow/utils/operator_helpers.py", line 252, in run
    return self.func(*args, **kwargs)
           ^^^^^^^^^^^^^^^^^^^^^^^^^^
  File "/home/airflow/.local/lib/python3.12/site-packages/airflow/models/baseoperator.py", line 422, in wrapper
    return func(self, *args, **kwargs)
           ^^^^^^^^^^^^^^^^^^^^^^^^^^^
  File "/home/airflow/.local/lib/python3.12/site-packages/airflow/operators/python.py", line 505, in execute
    return super().execute(context=serializable_context)
           ^^^^^^^^^^^^^^^^^^^^^^^^^^^^^^^^^^^^^^^^^^^^^
  File "/home/airflow/.local/lib/python3.12/site-packages/airflow/models/baseoperator.py", line 422, in wrapper
    return func(self, *args, **kwargs)
           ^^^^^^^^^^^^^^^^^^^^^^^^^^^
  File "/home/airflow/.local/lib/python3.12/site-packages/airflow/operators/python.py", line 238, in execute
    return_value = self.execute_callable()
                   ^^^^^^^^^^^^^^^^^^^^^^^
  File "/home/airflow/.local/lib/python3.12/site-packages/airflow/operators/python.py", line 870, in execute_callable
    result = self._execute_python_callable_in_subprocess(python_path)
             ^^^^^^^^^^^^^^^^^^^^^^^^^^^^^^^^^^^^^^^^^^^^^^^^^^^^^^^^
  File "/home/airflow/.local/lib/python3.12/site-packages/airflow/operators/python.py", line 588, in _execute_python_callable_in_subprocess
    raise AirflowException(error_msg) from None
airflow.exceptions.AirflowException: Process returned non-zero exit status 1.
name 'time' is not defined
[2025-02-06T18:28:51.140+0000] {local_task_job_runner.py:266} INFO - Task exited with return code 1
[2025-02-06T18:28:51.161+0000] {taskinstance.py:3895} INFO - 0 downstream tasks scheduled from follow-on schedule check
[2025-02-06T18:28:51.164+0000] {local_task_job_runner.py:245} INFO - ::endgroup::
