[2025-02-06T18:27:39.129+0000] {local_task_job_runner.py:123} INFO - ::group::Pre task execution logs
[2025-02-06T18:27:39.147+0000] {taskinstance.py:2613} INFO - Dependencies all met for dep_context=non-requeueable deps ti=<TaskInstance: cluster_deployment.download_stack manual__2025-02-06T18:27:28.843287+00:00 [queued]>
[2025-02-06T18:27:39.151+0000] {taskinstance.py:2613} INFO - Dependencies all met for dep_context=requeueable deps ti=<TaskInstance: cluster_deployment.download_stack manual__2025-02-06T18:27:28.843287+00:00 [queued]>
[2025-02-06T18:27:39.152+0000] {taskinstance.py:2866} INFO - Starting attempt 1 of 2
[2025-02-06T18:27:39.159+0000] {taskinstance.py:2889} INFO - Executing <Task(PythonVirtualenvOperator): download_stack> on 2025-02-06 18:27:28.843287+00:00
[2025-02-06T18:27:39.165+0000] {warnings.py:112} WARNING - /home/***/.local/lib/python3.12/site-packages/***/task/task_runner/standard_task_runner.py:70: DeprecationWarning: This process (pid=2424) is multi-threaded, use of fork() may lead to deadlocks in the child.
  pid = os.fork()

[2025-02-06T18:27:39.166+0000] {standard_task_runner.py:72} INFO - Started process 2425 to run task
[2025-02-06T18:27:39.167+0000] {standard_task_runner.py:104} INFO - Running: ['***', 'tasks', 'run', 'cluster_deployment', 'download_stack', 'manual__2025-02-06T18:27:28.843287+00:00', '--job-id', '8', '--raw', '--subdir', 'DAGS_FOLDER/cluster_deployment.py', '--cfg-path', '/tmp/tmpfrk3gctz']
[2025-02-06T18:27:39.168+0000] {standard_task_runner.py:105} INFO - Job 8: Subtask download_stack
[2025-02-06T18:27:39.214+0000] {task_command.py:467} INFO - Running <TaskInstance: cluster_deployment.download_stack manual__2025-02-06T18:27:28.843287+00:00 [running]> on host ***-worker
[2025-02-06T18:27:39.274+0000] {taskinstance.py:3132} INFO - Exporting env vars: AIRFLOW_CTX_DAG_OWNER='***' AIRFLOW_CTX_DAG_ID='cluster_deployment' AIRFLOW_CTX_TASK_ID='download_stack' AIRFLOW_CTX_EXECUTION_DATE='2025-02-06T18:27:28.843287+00:00' AIRFLOW_CTX_TRY_NUMBER='1' AIRFLOW_CTX_DAG_RUN_ID='manual__2025-02-06T18:27:28.843287+00:00'
[2025-02-06T18:27:39.276+0000] {logging_mixin.py:190} INFO - Task instance is in running state
[2025-02-06T18:27:39.277+0000] {logging_mixin.py:190} INFO -  Previous state of the Task instance: queued
[2025-02-06T18:27:39.277+0000] {logging_mixin.py:190} INFO - Current task name:download_stack state:running start_date:2025-02-06 18:27:39.147468+00:00
[2025-02-06T18:27:39.277+0000] {logging_mixin.py:190} INFO - Dag name:cluster_deployment and current dag run status:running
[2025-02-06T18:27:39.278+0000] {taskinstance.py:731} INFO - ::endgroup::
[2025-02-06T18:27:39.279+0000] {baseoperator.py:421} WARNING - PythonVirtualenvOperator.execute cannot be called outside TaskInstance!
[2025-02-06T18:27:39.282+0000] {process_utils.py:186} INFO - Executing cmd: /home/***/.local/bin/python -m virtualenv /tmp/venvvj_x69_t --system-site-packages --python=python
[2025-02-06T18:27:39.283+0000] {process_utils.py:190} INFO - Output:
[2025-02-06T18:27:39.810+0000] {process_utils.py:194} INFO - created virtual environment CPython3.12.8.final.0-64 in 148ms
[2025-02-06T18:27:39.811+0000] {process_utils.py:194} INFO -   creator CPython3Posix(dest=/tmp/venvvj_x69_t, clear=False, no_vcs_ignore=False, global=True)
[2025-02-06T18:27:39.811+0000] {process_utils.py:194} INFO -   seeder FromAppData(download=False, pip=bundle, via=copy, app_data_dir=/home/***/.local/share/virtualenv)
[2025-02-06T18:27:39.812+0000] {process_utils.py:194} INFO -     added seed packages: pip==24.3.1
[2025-02-06T18:27:39.813+0000] {process_utils.py:194} INFO -   activators BashActivator,CShellActivator,FishActivator,NushellActivator,PowerShellActivator,PythonActivator
[2025-02-06T18:27:39.834+0000] {process_utils.py:186} INFO - Executing cmd: /tmp/venvvj_x69_t/bin/pip install -r /tmp/venvvj_x69_t/requirements.txt
[2025-02-06T18:27:39.836+0000] {process_utils.py:190} INFO - Output:
[2025-02-06T18:27:40.759+0000] {process_utils.py:194} INFO - Requirement already satisfied: pandas==2.1.4 in /home/***/.local/lib/python3.12/site-packages (from -r /tmp/venvvj_x69_t/requirements.txt (line 1)) (2.1.4)
[2025-02-06T18:27:40.765+0000] {process_utils.py:194} INFO - Requirement already satisfied: numpy<2,>=1.26.0 in /home/***/.local/lib/python3.12/site-packages (from pandas==2.1.4->-r /tmp/venvvj_x69_t/requirements.txt (line 1)) (1.26.4)
[2025-02-06T18:27:40.765+0000] {process_utils.py:194} INFO - Requirement already satisfied: python-dateutil>=2.8.2 in /home/***/.local/lib/python3.12/site-packages (from pandas==2.1.4->-r /tmp/venvvj_x69_t/requirements.txt (line 1)) (2.9.0.post0)
[2025-02-06T18:27:40.765+0000] {process_utils.py:194} INFO - Requirement already satisfied: pytz>=2020.1 in /home/***/.local/lib/python3.12/site-packages (from pandas==2.1.4->-r /tmp/venvvj_x69_t/requirements.txt (line 1)) (2024.2)
[2025-02-06T18:27:40.766+0000] {process_utils.py:194} INFO - Requirement already satisfied: tzdata>=2022.1 in /home/***/.local/lib/python3.12/site-packages (from pandas==2.1.4->-r /tmp/venvvj_x69_t/requirements.txt (line 1)) (2024.2)
[2025-02-06T18:27:40.769+0000] {process_utils.py:194} INFO - Requirement already satisfied: six>=1.5 in /home/***/.local/lib/python3.12/site-packages (from python-dateutil>=2.8.2->pandas==2.1.4->-r /tmp/venvvj_x69_t/requirements.txt (line 1)) (1.17.0)
[2025-02-06T18:27:41.294+0000] {process_utils.py:194} INFO - 
[2025-02-06T18:27:41.295+0000] {process_utils.py:194} INFO - [notice] A new release of pip is available: 24.3.1 -> 25.0
[2025-02-06T18:27:41.295+0000] {process_utils.py:194} INFO - [notice] To update, run: python -m pip install --upgrade pip
[2025-02-06T18:27:41.362+0000] {process_utils.py:186} INFO - Executing cmd: /tmp/venvvj_x69_t/bin/python /tmp/venv-calltgz1gvse/script.py /tmp/venv-calltgz1gvse/script.in /tmp/venv-calltgz1gvse/script.out /tmp/venv-calltgz1gvse/string_args.txt /tmp/venv-calltgz1gvse/termination.log
[2025-02-06T18:27:41.364+0000] {process_utils.py:190} INFO - Output:
[2025-02-06T18:27:43.357+0000] {process_utils.py:194} INFO - [2025-02-06T18:27:43.356+0000] {script.py:23} INFO - Starting download stack...
[2025-02-06T18:27:43.358+0000] {process_utils.py:194} INFO - Traceback (most recent call last):
[2025-02-06T18:27:43.359+0000] {process_utils.py:194} INFO -   File "/tmp/venv-calltgz1gvse/script.py", line 64, in <module>
[2025-02-06T18:27:43.359+0000] {process_utils.py:194} INFO -     res = download_stack_fn(*arg_dict["args"], **arg_dict["kwargs"])
[2025-02-06T18:27:43.359+0000] {process_utils.py:194} INFO -           ^^^^^^^^^^^^^^^^^^^^^^^^^^^^^^^^^^^^^^^^^^^^^^^^^^^^^^^^^^
[2025-02-06T18:27:43.360+0000] {process_utils.py:194} INFO -   File "/tmp/venv-calltgz1gvse/script.py", line 28, in download_stack_fn
[2025-02-06T18:27:43.360+0000] {process_utils.py:194} INFO -     time.sleep(10)
[2025-02-06T18:27:43.360+0000] {process_utils.py:194} INFO -     ^^^^
[2025-02-06T18:27:43.361+0000] {process_utils.py:194} INFO - NameError: name 'time' is not defined. Did you forget to import 'time'?
[2025-02-06T18:27:43.819+0000] {taskinstance.py:3311} ERROR - Task failed with exception
Traceback (most recent call last):
  File "/home/airflow/.local/lib/python3.12/site-packages/airflow/models/taskinstance.py", line 767, in _execute_task
    result = _execute_callable(context=context, **execute_callable_kwargs)
             ^^^^^^^^^^^^^^^^^^^^^^^^^^^^^^^^^^^^^^^^^^^^^^^^^^^^^^^^^^^^^
  File "/home/airflow/.local/lib/python3.12/site-packages/airflow/models/taskinstance.py", line 733, in _execute_callable
    return ExecutionCallableRunner(
           ^^^^^^^^^^^^^^^^^^^^^^^^
  File "/home/airflow/.local/lib/python3.12/site-packages/airflow/utils/operator_helpers.py", line 252, in run
    return self.func(*args, **kwargs)
           ^^^^^^^^^^^^^^^^^^^^^^^^^^
  File "/home/airflow/.local/lib/python3.12/site-packages/airflow/models/baseoperator.py", line 422, in wrapper
    return func(self, *args, **kwargs)
           ^^^^^^^^^^^^^^^^^^^^^^^^^^^
  File "/home/airflow/.local/lib/python3.12/site-packages/airflow/operators/python.py", line 505, in execute
    return super().execute(context=serializable_context)
           ^^^^^^^^^^^^^^^^^^^^^^^^^^^^^^^^^^^^^^^^^^^^^
  File "/home/airflow/.local/lib/python3.12/site-packages/airflow/models/baseoperator.py", line 422, in wrapper
    return func(self, *args, **kwargs)
           ^^^^^^^^^^^^^^^^^^^^^^^^^^^
  File "/home/airflow/.local/lib/python3.12/site-packages/airflow/operators/python.py", line 238, in execute
    return_value = self.execute_callable()
                   ^^^^^^^^^^^^^^^^^^^^^^^
  File "/home/airflow/.local/lib/python3.12/site-packages/airflow/operators/python.py", line 870, in execute_callable
    result = self._execute_python_callable_in_subprocess(python_path)
             ^^^^^^^^^^^^^^^^^^^^^^^^^^^^^^^^^^^^^^^^^^^^^^^^^^^^^^^^
  File "/home/airflow/.local/lib/python3.12/site-packages/airflow/operators/python.py", line 588, in _execute_python_callable_in_subprocess
    raise AirflowException(error_msg) from None
airflow.exceptions.AirflowException: Process returned non-zero exit status 1.
name 'time' is not defined
[2025-02-06T18:27:43.827+0000] {logging_mixin.py:190} INFO - Task instance in failure state
[2025-02-06T18:27:43.828+0000] {logging_mixin.py:190} INFO - Task start:2025-02-06 18:27:39.147468+00:00 end:2025-02-06 18:27:43.826963+00:00 duration:4.679495
[2025-02-06T18:27:43.828+0000] {logging_mixin.py:190} INFO - Task:<Task(PythonVirtualenvOperator): download_stack> dag:<DAG: cluster_deployment> dagrun:<DagRun cluster_deployment @ 2025-02-06 18:27:28.843287+00:00: manual__2025-02-06T18:27:28.843287+00:00, state:running, queued_at: 2025-02-06 18:27:28.857274+00:00. externally triggered: True>
[2025-02-06T18:27:43.830+0000] {logging_mixin.py:190} INFO - Failure caused by Process returned non-zero exit status 1.
name 'time' is not defined
[2025-02-06T18:27:43.831+0000] {taskinstance.py:1225} INFO - Marking task as UP_FOR_RETRY. dag_id=cluster_deployment, task_id=download_stack, run_id=manual__2025-02-06T18:27:28.843287+00:00, execution_date=20250206T182728, start_date=20250206T182739, end_date=20250206T182743
[2025-02-06T18:27:43.845+0000] {taskinstance.py:340} INFO - ::group::Post task execution logs
[2025-02-06T18:27:43.846+0000] {standard_task_runner.py:124} ERROR - Failed to execute job 8 for task download_stack (Process returned non-zero exit status 1.
name 'time' is not defined; 2425)
Traceback (most recent call last):
  File "/home/airflow/.local/lib/python3.12/site-packages/airflow/task/task_runner/standard_task_runner.py", line 117, in _start_by_fork
    ret = args.func(args, dag=self.dag)
          ^^^^^^^^^^^^^^^^^^^^^^^^^^^^^
  File "/home/airflow/.local/lib/python3.12/site-packages/airflow/cli/cli_config.py", line 49, in command
    return func(*args, **kwargs)
           ^^^^^^^^^^^^^^^^^^^^^
  File "/home/airflow/.local/lib/python3.12/site-packages/airflow/utils/cli.py", line 116, in wrapper
    return f(*args, **kwargs)
           ^^^^^^^^^^^^^^^^^^
  File "/home/airflow/.local/lib/python3.12/site-packages/airflow/cli/commands/task_command.py", line 483, in task_run
    task_return_code = _run_task_by_selected_method(args, _dag, ti)
                       ^^^^^^^^^^^^^^^^^^^^^^^^^^^^^^^^^^^^^^^^^^^^
  File "/home/airflow/.local/lib/python3.12/site-packages/airflow/cli/commands/task_command.py", line 256, in _run_task_by_selected_method
    return _run_raw_task(args, ti)
           ^^^^^^^^^^^^^^^^^^^^^^^
  File "/home/airflow/.local/lib/python3.12/site-packages/airflow/cli/commands/task_command.py", line 341, in _run_raw_task
    return ti._run_raw_task(
           ^^^^^^^^^^^^^^^^^
  File "/home/airflow/.local/lib/python3.12/site-packages/airflow/utils/session.py", line 97, in wrapper
    return func(*args, session=session, **kwargs)
           ^^^^^^^^^^^^^^^^^^^^^^^^^^^^^^^^^^^^^^
  File "/home/airflow/.local/lib/python3.12/site-packages/airflow/models/taskinstance.py", line 3005, in _run_raw_task
    return _run_raw_task(
           ^^^^^^^^^^^^^^
  File "/home/airflow/.local/lib/python3.12/site-packages/airflow/models/taskinstance.py", line 273, in _run_raw_task
    TaskInstance._execute_task_with_callbacks(
  File "/home/airflow/.local/lib/python3.12/site-packages/airflow/models/taskinstance.py", line 3159, in _execute_task_with_callbacks
    result = self._execute_task(context, task_orig)
             ^^^^^^^^^^^^^^^^^^^^^^^^^^^^^^^^^^^^^^
  File "/home/airflow/.local/lib/python3.12/site-packages/airflow/models/taskinstance.py", line 3183, in _execute_task
    return _execute_task(self, context, task_orig)
           ^^^^^^^^^^^^^^^^^^^^^^^^^^^^^^^^^^^^^^^
  File "/home/airflow/.local/lib/python3.12/site-packages/airflow/models/taskinstance.py", line 767, in _execute_task
    result = _execute_callable(context=context, **execute_callable_kwargs)
             ^^^^^^^^^^^^^^^^^^^^^^^^^^^^^^^^^^^^^^^^^^^^^^^^^^^^^^^^^^^^^
  File "/home/airflow/.local/lib/python3.12/site-packages/airflow/models/taskinstance.py", line 733, in _execute_callable
    return ExecutionCallableRunner(
           ^^^^^^^^^^^^^^^^^^^^^^^^
  File "/home/airflow/.local/lib/python3.12/site-packages/airflow/utils/operator_helpers.py", line 252, in run
    return self.func(*args, **kwargs)
           ^^^^^^^^^^^^^^^^^^^^^^^^^^
  File "/home/airflow/.local/lib/python3.12/site-packages/airflow/models/baseoperator.py", line 422, in wrapper
    return func(self, *args, **kwargs)
           ^^^^^^^^^^^^^^^^^^^^^^^^^^^
  File "/home/airflow/.local/lib/python3.12/site-packages/airflow/operators/python.py", line 505, in execute
    return super().execute(context=serializable_context)
           ^^^^^^^^^^^^^^^^^^^^^^^^^^^^^^^^^^^^^^^^^^^^^
  File "/home/airflow/.local/lib/python3.12/site-packages/airflow/models/baseoperator.py", line 422, in wrapper
    return func(self, *args, **kwargs)
           ^^^^^^^^^^^^^^^^^^^^^^^^^^^
  File "/home/airflow/.local/lib/python3.12/site-packages/airflow/operators/python.py", line 238, in execute
    return_value = self.execute_callable()
                   ^^^^^^^^^^^^^^^^^^^^^^^
  File "/home/airflow/.local/lib/python3.12/site-packages/airflow/operators/python.py", line 870, in execute_callable
    result = self._execute_python_callable_in_subprocess(python_path)
             ^^^^^^^^^^^^^^^^^^^^^^^^^^^^^^^^^^^^^^^^^^^^^^^^^^^^^^^^
  File "/home/airflow/.local/lib/python3.12/site-packages/airflow/operators/python.py", line 588, in _execute_python_callable_in_subprocess
    raise AirflowException(error_msg) from None
airflow.exceptions.AirflowException: Process returned non-zero exit status 1.
name 'time' is not defined
[2025-02-06T18:27:43.882+0000] {local_task_job_runner.py:266} INFO - Task exited with return code 1
[2025-02-06T18:27:43.913+0000] {taskinstance.py:3895} INFO - 0 downstream tasks scheduled from follow-on schedule check
[2025-02-06T18:27:43.916+0000] {local_task_job_runner.py:245} INFO - ::endgroup::
